2025-12-09 12:02:54,493 INFO o.a.j.u.JMeterUtils: Setting Locale to en_EN
2025-12-09 12:02:54,505 INFO o.a.j.JMeter: Loading user properties from: /opt/homebrew/Cellar/jmeter/5.6.3/libexec/bin/user.properties
2025-12-09 12:02:54,506 INFO o.a.j.JMeter: Loading system properties from: /opt/homebrew/Cellar/jmeter/5.6.3/libexec/bin/system.properties
2025-12-09 12:02:54,509 INFO o.a.j.JMeter: Copyright (c) 1998-2024 The Apache Software Foundation
2025-12-09 12:02:54,509 INFO o.a.j.JMeter: Version 5.6.3
2025-12-09 12:02:54,509 INFO o.a.j.JMeter: java.version=21.0.9
2025-12-09 12:02:54,509 INFO o.a.j.JMeter: java.vm.name=OpenJDK 64-Bit Server VM
2025-12-09 12:02:54,509 INFO o.a.j.JMeter: os.name=Mac OS X
2025-12-09 12:02:54,509 INFO o.a.j.JMeter: os.arch=aarch64
2025-12-09 12:02:54,509 INFO o.a.j.JMeter: os.version=15.6.1
2025-12-09 12:02:54,509 INFO o.a.j.JMeter: file.encoding=UTF-8
2025-12-09 12:02:54,509 INFO o.a.j.JMeter: java.awt.headless=null
2025-12-09 12:02:54,509 INFO o.a.j.JMeter: Max memory     =1073741824
2025-12-09 12:02:54,509 INFO o.a.j.JMeter: Available Processors =8
2025-12-09 12:02:54,515 INFO o.a.j.JMeter: Default Locale=English (EN)
2025-12-09 12:02:54,515 INFO o.a.j.JMeter: JMeter  Locale=English (EN)
2025-12-09 12:02:54,515 INFO o.a.j.JMeter: JMeterHome=/opt/homebrew/Cellar/jmeter/5.6.3/libexec
2025-12-09 12:02:54,515 INFO o.a.j.JMeter: user.dir  =/Users/linux/Projects/BEventSustainable
2025-12-09 12:02:54,515 INFO o.a.j.JMeter: PWD       =/Users/linux/Projects/BEventSustainable
2025-12-09 12:02:54,517 INFO o.a.j.JMeter: IP: 127.0.0.1 Name: MacBook-Air-di-Lino.local FullName: localhost
2025-12-09 12:02:54,524 INFO o.a.j.JMeter: Loaded icon properties from org/apache/jmeter/images/icon.properties
2025-12-09 12:02:55,566 INFO o.a.j.JMeterGuiLauncher: Setting LAF to: com.github.weisj.darklaf.DarkLaf:com.github.weisj.darklaf.theme.DarculaTheme
2025-12-09 12:02:56,886 INFO o.a.j.r.ClassFinder: Will scan jar /opt/homebrew/Cellar/jmeter/5.6.3/libexec/lib/ext/jmeter-plugins-manager-1.9.jar with filter ExtendsClassFilter [parents=[interface org.apache.jmeter.gui.action.Command], inner=false, contains=null, notContains=null]. Consider exposing JMeter plugins via META-INF/services, and add JMeter-Skip-Class-Scanning=true manifest attribute so JMeter can skip classfile scanning
2025-12-09 12:02:56,945 INFO o.a.j.r.ClassFinder: Will scan jar /opt/homebrew/Cellar/jmeter/5.6.3/libexec/lib/ext/jmeter-plugins-manager-1.9.jar with filter ExtendsClassFilter [parents=[interface org.apache.jmeter.gui.plugin.MenuCreator], inner=false, contains=null, notContains=null]. Consider exposing JMeter plugins via META-INF/services, and add JMeter-Skip-Class-Scanning=true manifest attribute so JMeter can skip classfile scanning
2025-12-09 12:02:57,004 INFO o.j.r.JARSourceHTTP: Requesting https://jmeter-plugins.org/repo/?installID=mac_os_x-bd41ed5415fb905cd558b68b9a66dc2a-gui
2025-12-09 12:02:59,748 INFO o.j.r.PluginManager: Plugins Status: [jpgc-plugins-manager=1.9, jmeter-core=5.6.3, jmeter-ftp=5.6.3, jmeter-http=5.6.3, jmeter-jdbc=5.6.3, jmeter-jms=5.6.3, jmeter-junit=5.6.3, jmeter-java=5.6.3, jmeter-ldap=5.6.3, jmeter-mail=5.6.3, jmeter-mongodb=5.6.3, jmeter-native=5.6.3, jmeter-tcp=5.6.3, jmeter-components=5.6.3]
2025-12-09 12:02:59,749 INFO o.j.r.PluginManagerMenuItem: Plugins Manager has upgrades: [jpgc-plugins-manager]
2025-12-09 12:10:56,259 INFO o.a.j.p.h.s.HTTPSamplerBase: Parser for text/html is org.apache.jmeter.protocol.http.parser.LagartoBasedHtmlParser
2025-12-09 12:10:56,260 INFO o.a.j.p.h.s.HTTPSamplerBase: Parser for application/xhtml+xml is org.apache.jmeter.protocol.http.parser.LagartoBasedHtmlParser
2025-12-09 12:10:56,260 INFO o.a.j.p.h.s.HTTPSamplerBase: Parser for application/xml is org.apache.jmeter.protocol.http.parser.LagartoBasedHtmlParser
2025-12-09 12:10:56,260 INFO o.a.j.p.h.s.HTTPSamplerBase: Parser for text/xml is org.apache.jmeter.protocol.http.parser.LagartoBasedHtmlParser
2025-12-09 12:10:56,260 INFO o.a.j.p.h.s.HTTPSamplerBase: Parser for text/vnd.wap.wml is org.apache.jmeter.protocol.http.parser.RegexpHTMLParser
2025-12-09 12:10:56,260 INFO o.a.j.p.h.s.HTTPSamplerBase: Parser for text/css is org.apache.jmeter.protocol.http.parser.CssParser
2025-12-09 12:13:58,749 INFO o.a.j.s.SampleResult: Note: Sample TimeStamps are START times
2025-12-09 12:13:58,749 INFO o.a.j.s.SampleResult: sampleresult.default.encoding is set to UTF-8
2025-12-09 12:13:58,750 INFO o.a.j.s.SampleResult: sampleresult.useNanoTime=true
2025-12-09 12:13:58,750 INFO o.a.j.s.SampleResult: sampleresult.nanoThreadSleep=5000
2025-12-09 12:13:58,810 INFO o.a.j.r.ClassFinder: Will scan jar /opt/homebrew/Cellar/jmeter/5.6.3/libexec/lib/ext/jmeter-plugins-manager-1.9.jar with filter ExtendsClassFilter [parents=[interface org.apache.jmeter.visualizers.ResultRenderer], inner=false, contains=null, notContains=null]. Consider exposing JMeter plugins via META-INF/services, and add JMeter-Skip-Class-Scanning=true manifest attribute so JMeter can skip classfile scanning
2025-12-09 12:13:58,820 INFO o.a.j.r.ClassFinder: Will scan jar /opt/homebrew/Cellar/jmeter/5.6.3/libexec/lib/ext/jmeter-plugins-manager-1.9.jar with filter ExtendsClassFilter [parents=[interface org.apache.jmeter.visualizers.RequestView], inner=false, contains=null, notContains=null]. Consider exposing JMeter plugins via META-INF/services, and add JMeter-Skip-Class-Scanning=true manifest attribute so JMeter can skip classfile scanning
2025-12-09 12:19:18,269 INFO o.a.j.s.FileServer: Default base='/Users/linux/Projects/BEventSustainable'
2025-12-09 12:19:18,271 INFO o.a.j.s.FileServer: Set new base='/Users/linux/Projects/BEventSustainable'
2025-12-09 12:19:18,410 INFO o.a.j.s.SaveService: Testplan (JMX) version: 2.2. Testlog (JTL) version: 2.2
2025-12-09 12:19:18,414 INFO o.a.j.s.SaveService: Using SaveService properties version 5.0
2025-12-09 12:19:18,415 INFO o.a.j.s.SaveService: Using SaveService properties file encoding UTF-8
2025-12-09 12:19:18,427 INFO o.a.j.e.StandardJMeterEngine: Running the test!
2025-12-09 12:19:18,427 INFO o.a.j.s.SampleEvent: List of sample_variables: []
2025-12-09 12:19:18,427 INFO o.a.j.s.SampleEvent: List of sample_variables: []
2025-12-09 12:19:18,428 INFO o.a.j.e.u.CompoundVariable: Note: Function class names must contain the string: '.functions.'
2025-12-09 12:19:18,428 INFO o.a.j.e.u.CompoundVariable: Note: Function class names must not contain the string: '.gui.'
2025-12-09 12:19:18,457 INFO o.a.j.r.ClassFinder: Will scan jar /opt/homebrew/Cellar/jmeter/5.6.3/libexec/lib/ext/jmeter-plugins-manager-1.9.jar with filter ExtendsClassFilter [parents=[interface org.apache.jmeter.functions.Function], inner=false, contains=null, notContains=null]. Consider exposing JMeter plugins via META-INF/services, and add JMeter-Skip-Class-Scanning=true manifest attribute so JMeter can skip classfile scanning
2025-12-09 12:19:18,461 INFO o.a.j.g.u.JMeterMenuBar: setRunning(true, *local*)
2025-12-09 12:19:18,487 INFO o.a.j.e.StandardJMeterEngine: Starting ThreadGroup: 1 : Thread Group
2025-12-09 12:19:18,487 INFO o.a.j.e.StandardJMeterEngine: Starting 10 threads for group Thread Group.
2025-12-09 12:19:18,487 INFO o.a.j.e.StandardJMeterEngine: Thread will continue on error
2025-12-09 12:19:18,488 INFO o.a.j.t.ThreadGroup: Starting thread group... number=1 threads=10 ramp-up=5 delayedStart=false
2025-12-09 12:19:18,489 INFO o.a.j.t.JMeterThread: Thread started: Thread Group 1-1
2025-12-09 12:19:18,490 INFO o.a.j.t.ThreadGroup: Started thread group number 1
2025-12-09 12:19:18,490 INFO o.a.j.e.StandardJMeterEngine: All thread groups have been started
2025-12-09 12:19:18,494 INFO o.a.j.p.h.s.HTTPHCAbstractImpl: Local host = MacBook-Air-di-Lino.local
2025-12-09 12:19:18,497 INFO o.a.j.p.h.s.HTTPHC4Impl: HTTP request retry count = 0
2025-12-09 12:19:18,597 INFO o.a.j.t.JMeterThread: Thread is done: Thread Group 1-1
2025-12-09 12:19:18,597 INFO o.a.j.t.JMeterThread: Thread finished: Thread Group 1-1
2025-12-09 12:19:18,993 INFO o.a.j.t.JMeterThread: Thread started: Thread Group 1-2
2025-12-09 12:19:19,079 INFO o.a.j.t.JMeterThread: Thread is done: Thread Group 1-2
2025-12-09 12:19:19,080 INFO o.a.j.t.JMeterThread: Thread finished: Thread Group 1-2
2025-12-09 12:19:19,493 INFO o.a.j.t.JMeterThread: Thread started: Thread Group 1-3
2025-12-09 12:19:19,579 INFO o.a.j.t.JMeterThread: Thread is done: Thread Group 1-3
2025-12-09 12:19:19,579 INFO o.a.j.t.JMeterThread: Thread finished: Thread Group 1-3
2025-12-09 12:19:19,989 INFO o.a.j.t.JMeterThread: Thread started: Thread Group 1-4
2025-12-09 12:19:20,073 INFO o.a.j.t.JMeterThread: Thread is done: Thread Group 1-4
2025-12-09 12:19:20,073 INFO o.a.j.t.JMeterThread: Thread finished: Thread Group 1-4
2025-12-09 12:19:20,489 INFO o.a.j.t.JMeterThread: Thread started: Thread Group 1-5
2025-12-09 12:19:20,574 INFO o.a.j.t.JMeterThread: Thread is done: Thread Group 1-5
2025-12-09 12:19:20,574 INFO o.a.j.t.JMeterThread: Thread finished: Thread Group 1-5
2025-12-09 12:19:20,993 INFO o.a.j.t.JMeterThread: Thread started: Thread Group 1-6
2025-12-09 12:19:21,076 INFO o.a.j.t.JMeterThread: Thread is done: Thread Group 1-6
2025-12-09 12:19:21,076 INFO o.a.j.t.JMeterThread: Thread finished: Thread Group 1-6
2025-12-09 12:19:21,493 INFO o.a.j.t.JMeterThread: Thread started: Thread Group 1-7
2025-12-09 12:19:21,569 INFO o.a.j.t.JMeterThread: Thread is done: Thread Group 1-7
2025-12-09 12:19:21,569 INFO o.a.j.t.JMeterThread: Thread finished: Thread Group 1-7
2025-12-09 12:19:21,993 INFO o.a.j.t.JMeterThread: Thread started: Thread Group 1-8
2025-12-09 12:19:22,074 INFO o.a.j.t.JMeterThread: Thread is done: Thread Group 1-8
2025-12-09 12:19:22,074 INFO o.a.j.t.JMeterThread: Thread finished: Thread Group 1-8
2025-12-09 12:19:22,493 INFO o.a.j.t.JMeterThread: Thread started: Thread Group 1-9
2025-12-09 12:19:22,560 INFO o.a.j.t.JMeterThread: Thread is done: Thread Group 1-9
2025-12-09 12:19:22,560 INFO o.a.j.t.JMeterThread: Thread finished: Thread Group 1-9
2025-12-09 12:19:22,993 INFO o.a.j.t.JMeterThread: Thread started: Thread Group 1-10
2025-12-09 12:19:23,073 INFO o.a.j.t.JMeterThread: Thread is done: Thread Group 1-10
2025-12-09 12:19:23,073 INFO o.a.j.t.JMeterThread: Thread finished: Thread Group 1-10
2025-12-09 12:19:23,073 INFO o.a.j.e.StandardJMeterEngine: Notifying test listeners of end of test
2025-12-09 12:19:23,073 INFO o.a.j.g.u.JMeterMenuBar: setRunning(false, *local*)
